2019-03-06 14:28:00,925 - Velocimacro : initialization complete.
2019-03-06 14:28:00,925 - Velocity successfully started.
2019-03-06 14:32:56,779 - SimpleLog4JLogSystem initialized using logfile 'velocity.log'
2019-03-06 14:32:56,780 - ************************************************************** 
2019-03-06 14:32:56,780 - Starting Jakarta Velocity v1.4
2019-03-06 14:32:56,781 - RuntimeInstance initializing.
2019-03-06 14:32:56,781 - Default Properties File: org\apache\velocity\runtime\defaults\velocity.properties
2019-03-06 14:32:56,781 - Trying to use logger class org.apache.velocity.runtime.log.SimpleLog4JLogSystem
2019-03-06 14:32:56,781 - Using logger class org.apache.velocity.runtime.log.SimpleLog4JLogSystem
2019-03-06 14:32:56,787 - Default ResourceManager initializing. (class org.apache.velocity.runtime.resource.ResourceManagerImpl)
2019-03-06 14:32:56,791 - Resource Loader Instantiated: org.apache.velocity.runtime.resource.loader.ClasspathResourceLoader
2019-03-06 14:32:56,792 - ClasspathResourceLoader : initialization starting.
2019-03-06 14:32:56,792 - ClasspathResourceLoader : initialization complete.
2019-03-06 14:32:56,794 - ResourceCache : initialized. (class org.apache.velocity.runtime.resource.ResourceCacheImpl)
2019-03-06 14:32:56,794 - Default ResourceManager initialization complete.
2019-03-06 14:32:56,797 - Loaded System Directive: org.apache.velocity.runtime.directive.Literal
2019-03-06 14:32:56,801 - Loaded System Directive: org.apache.velocity.runtime.directive.Macro
2019-03-06 14:32:56,807 - Loaded System Directive: org.apache.velocity.runtime.directive.Parse
2019-03-06 14:32:56,810 - Loaded System Directive: org.apache.velocity.runtime.directive.Include
2019-03-06 14:32:56,811 - Loaded System Directive: org.apache.velocity.runtime.directive.Foreach
2019-03-06 14:32:56,853 - Created: 20 parsers.
2019-03-06 14:32:56,864 - Velocimacro : initialization starting.
2019-03-06 14:32:56,865 - Velocimacro : adding VMs from VM library template : VM_global_library.vm
2019-03-06 14:32:56,872 - ResourceManager : unable to find resource 'VM_global_library.vm' in any resource loader.
2019-03-06 14:32:56,872 - Velocimacro : error using  VM library template VM_global_library.vm : org.apache.velocity.exception.ResourceNotFoundException: Unable to find resource 'VM_global_library.vm'
2019-03-06 14:32:56,872 - Velocimacro :  VM library template macro registration complete.
2019-03-06 14:32:56,873 - Velocimacro : allowInline = true : VMs can be defined inline in templates
2019-03-06 14:32:56,873 - Velocimacro : allowInlineToOverride = false : VMs defined inline may NOT replace previous VM definitions
2019-03-06 14:32:56,873 - Velocimacro : allowInlineLocal = false : VMs defined inline will be  global in scope if allowed.
2019-03-06 14:32:56,873 - Velocimacro : messages on  : VM system will output logging messages
2019-03-06 14:32:56,873 - Velocimacro : autoload off  : VM system will not automatically reload global library macros
2019-03-06 14:32:56,873 - Velocimacro : initialization complete.
2019-03-06 14:32:56,873 - Velocity successfully started.
2019-03-06 14:34:33,917 - SimpleLog4JLogSystem initialized using logfile 'velocity.log'
2019-03-06 14:34:33,917 - ************************************************************** 
2019-03-06 14:34:33,918 - Starting Jakarta Velocity v1.4
2019-03-06 14:34:33,918 - RuntimeInstance initializing.
2019-03-06 14:34:33,918 - Default Properties File: org\apache\velocity\runtime\defaults\velocity.properties
2019-03-06 14:34:33,918 - Trying to use logger class org.apache.velocity.runtime.log.SimpleLog4JLogSystem
2019-03-06 14:34:33,918 - Using logger class org.apache.velocity.runtime.log.SimpleLog4JLogSystem
2019-03-06 14:34:33,922 - Default ResourceManager initializing. (class org.apache.velocity.runtime.resource.ResourceManagerImpl)
2019-03-06 14:34:33,927 - Resource Loader Instantiated: org.apache.velocity.runtime.resource.loader.ClasspathResourceLoader
2019-03-06 14:34:33,928 - ClasspathResourceLoader : initialization starting.
2019-03-06 14:34:33,929 - ClasspathResourceLoader : initialization complete.
2019-03-06 14:34:33,932 - ResourceCache : initialized. (class org.apache.velocity.runtime.resource.ResourceCacheImpl)
2019-03-06 14:34:33,933 - Default ResourceManager initialization complete.
2019-03-06 14:34:33,936 - Loaded System Directive: org.apache.velocity.runtime.directive.Literal
2019-03-06 14:34:33,939 - Loaded System Directive: org.apache.velocity.runtime.directive.Macro
2019-03-06 14:34:33,943 - Loaded System Directive: org.apache.velocity.runtime.directive.Parse
2019-03-06 14:34:33,946 - Loaded System Directive: org.apache.velocity.runtime.directive.Include
2019-03-06 14:34:33,948 - Loaded System Directive: org.apache.velocity.runtime.directive.Foreach
2019-03-06 14:34:33,990 - Created: 20 parsers.
2019-03-06 14:34:34,005 - Velocimacro : initialization starting.
2019-03-06 14:34:34,005 - Velocimacro : adding VMs from VM library template : VM_global_library.vm
2019-03-06 14:34:34,014 - ResourceManager : unable to find resource 'VM_global_library.vm' in any resource loader.
2019-03-06 14:34:34,014 - Velocimacro : error using  VM library template VM_global_library.vm : org.apache.velocity.exception.ResourceNotFoundException: Unable to find resource 'VM_global_library.vm'
2019-03-06 14:34:34,014 - Velocimacro :  VM library template macro registration complete.
2019-03-06 14:34:34,014 - Velocimacro : allowInline = true : VMs can be defined inline in templates
2019-03-06 14:34:34,014 - Velocimacro : allowInlineToOverride = false : VMs defined inline may NOT replace previous VM definitions
2019-03-06 14:34:34,014 - Velocimacro : allowInlineLocal = false : VMs defined inline will be  global in scope if allowed.
2019-03-06 14:34:34,014 - Velocimacro : messages on  : VM system will output logging messages
2019-03-06 14:34:34,014 - Velocimacro : autoload off  : VM system will not automatically reload global library macros
2019-03-06 14:34:34,014 - Velocimacro : initialization complete.
2019-03-06 14:34:34,015 - Velocity successfully started.
2019-03-06 14:44:01,923 - SimpleLog4JLogSystem initialized using logfile 'velocity.log'
2019-03-06 14:44:01,925 - ************************************************************** 
2019-03-06 14:44:01,925 - Starting Jakarta Velocity v1.4
2019-03-06 14:44:01,925 - RuntimeInstance initializing.
2019-03-06 14:44:01,925 - Default Properties File: org\apache\velocity\runtime\defaults\velocity.properties
2019-03-06 14:44:01,925 - Trying to use logger class org.apache.velocity.runtime.log.SimpleLog4JLogSystem
2019-03-06 14:44:01,925 - Using logger class org.apache.velocity.runtime.log.SimpleLog4JLogSystem
2019-03-06 14:44:01,930 - Default ResourceManager initializing. (class org.apache.velocity.runtime.resource.ResourceManagerImpl)
2019-03-06 14:44:01,934 - Resource Loader Instantiated: org.apache.velocity.runtime.resource.loader.ClasspathResourceLoader
2019-03-06 14:44:01,934 - ClasspathResourceLoader : initialization starting.
2019-03-06 14:44:01,934 - ClasspathResourceLoader : initialization complete.
2019-03-06 14:44:01,938 - ResourceCache : initialized. (class org.apache.velocity.runtime.resource.ResourceCacheImpl)
2019-03-06 14:44:01,938 - Default ResourceManager initialization complete.
2019-03-06 14:44:01,944 - Loaded System Directive: org.apache.velocity.runtime.directive.Literal
2019-03-06 14:44:01,948 - Loaded System Directive: org.apache.velocity.runtime.directive.Macro
2019-03-06 14:44:01,953 - Loaded System Directive: org.apache.velocity.runtime.directive.Parse
2019-03-06 14:44:01,960 - Loaded System Directive: org.apache.velocity.runtime.directive.Include
2019-03-06 14:44:01,974 - Loaded System Directive: org.apache.velocity.runtime.directive.Foreach
2019-03-06 14:44:02,037 - Created: 20 parsers.
2019-03-06 14:44:02,056 - Velocimacro : initialization starting.
2019-03-06 14:44:02,056 - Velocimacro : adding VMs from VM library template : VM_global_library.vm
2019-03-06 14:44:02,063 - ResourceManager : unable to find resource 'VM_global_library.vm' in any resource loader.
2019-03-06 14:44:02,065 - Velocimacro : error using  VM library template VM_global_library.vm : org.apache.velocity.exception.ResourceNotFoundException: Unable to find resource 'VM_global_library.vm'
2019-03-06 14:44:02,065 - Velocimacro :  VM library template macro registration complete.
2019-03-06 14:44:02,065 - Velocimacro : allowInline = true : VMs can be defined inline in templates
2019-03-06 14:44:02,065 - Velocimacro : allowInlineToOverride = false : VMs defined inline may NOT replace previous VM definitions
2019-03-06 14:44:02,066 - Velocimacro : allowInlineLocal = false : VMs defined inline will be  global in scope if allowed.
2019-03-06 14:44:02,066 - Velocimacro : messages on  : VM system will output logging messages
2019-03-06 14:44:02,066 - Velocimacro : autoload off  : VM system will not automatically reload global library macros
2019-03-06 14:44:02,066 - Velocimacro : initialization complete.
2019-03-06 14:44:02,067 - Velocity successfully started.
2019-03-06 15:02:43,587 - SimpleLog4JLogSystem initialized using logfile 'velocity.log'
2019-03-06 15:02:43,588 - ************************************************************** 
2019-03-06 15:02:43,588 - Starting Jakarta Velocity v1.4
2019-03-06 15:02:43,588 - RuntimeInstance initializing.
2019-03-06 15:02:43,588 - Default Properties File: org\apache\velocity\runtime\defaults\velocity.properties
2019-03-06 15:02:43,588 - Trying to use logger class org.apache.velocity.runtime.log.SimpleLog4JLogSystem
2019-03-06 15:02:43,589 - Using logger class org.apache.velocity.runtime.log.SimpleLog4JLogSystem
2019-03-06 15:02:43,593 - Default ResourceManager initializing. (class org.apache.velocity.runtime.resource.ResourceManagerImpl)
2019-03-06 15:02:43,598 - Resource Loader Instantiated: org.apache.velocity.runtime.resource.loader.ClasspathResourceLoader
2019-03-06 15:02:43,598 - ClasspathResourceLoader : initialization starting.
2019-03-06 15:02:43,598 - ClasspathResourceLoader : initialization complete.
2019-03-06 15:02:43,601 - ResourceCache : initialized. (class org.apache.velocity.runtime.resource.ResourceCacheImpl)
2019-03-06 15:02:43,601 - Default ResourceManager initialization complete.
2019-03-06 15:02:43,604 - Loaded System Directive: org.apache.velocity.runtime.directive.Literal
2019-03-06 15:02:43,608 - Loaded System Directive: org.apache.velocity.runtime.directive.Macro
2019-03-06 15:02:43,613 - Loaded System Directive: org.apache.velocity.runtime.directive.Parse
2019-03-06 15:02:43,616 - Loaded System Directive: org.apache.velocity.runtime.directive.Include
2019-03-06 15:02:43,618 - Loaded System Directive: org.apache.velocity.runtime.directive.Foreach
2019-03-06 15:02:43,658 - Created: 20 parsers.
2019-03-06 15:02:43,669 - Velocimacro : initialization starting.
2019-03-06 15:02:43,669 - Velocimacro : adding VMs from VM library template : VM_global_library.vm
2019-03-06 15:02:43,673 - ResourceManager : unable to find resource 'VM_global_library.vm' in any resource loader.
2019-03-06 15:02:43,673 - Velocimacro : error using  VM library template VM_global_library.vm : org.apache.velocity.exception.ResourceNotFoundException: Unable to find resource 'VM_global_library.vm'
2019-03-06 15:02:43,674 - Velocimacro :  VM library template macro registration complete.
2019-03-06 15:02:43,674 - Velocimacro : allowInline = true : VMs can be defined inline in templates
2019-03-06 15:02:43,674 - Velocimacro : allowInlineToOverride = false : VMs defined inline may NOT replace previous VM definitions
2019-03-06 15:02:43,674 - Velocimacro : allowInlineLocal = false : VMs defined inline will be  global in scope if allowed.
2019-03-06 15:02:43,674 - Velocimacro : messages on  : VM system will output logging messages
2019-03-06 15:02:43,674 - Velocimacro : autoload off  : VM system will not automatically reload global library macros
2019-03-06 15:02:43,674 - Velocimacro : initialization complete.
2019-03-06 15:02:43,674 - Velocity successfully started.
2019-03-06 15:03:57,027 - SimpleLog4JLogSystem initialized using logfile 'velocity.log'
2019-03-06 15:03:57,028 - ************************************************************** 
2019-03-06 15:03:57,028 - Starting Jakarta Velocity v1.4
2019-03-06 15:03:57,028 - RuntimeInstance initializing.
2019-03-06 15:03:57,028 - Default Properties File: org\apache\velocity\runtime\defaults\velocity.properties
2019-03-06 15:03:57,028 - Trying to use logger class org.apache.velocity.runtime.log.SimpleLog4JLogSystem
2019-03-06 15:03:57,028 - Using logger class org.apache.velocity.runtime.log.SimpleLog4JLogSystem
2019-03-06 15:03:57,033 - Default ResourceManager initializing. (class org.apache.velocity.runtime.resource.ResourceManagerImpl)
2019-03-06 15:03:57,036 - Resource Loader Instantiated: org.apache.velocity.runtime.resource.loader.ClasspathResourceLoader
2019-03-06 15:03:57,037 - ClasspathResourceLoader : initialization starting.
2019-03-06 15:03:57,037 - ClasspathResourceLoader : initialization complete.
2019-03-06 15:03:57,039 - ResourceCache : initialized. (class org.apache.velocity.runtime.resource.ResourceCacheImpl)
2019-03-06 15:03:57,039 - Default ResourceManager initialization complete.
2019-03-06 15:03:57,042 - Loaded System Directive: org.apache.velocity.runtime.directive.Literal
2019-03-06 15:03:57,045 - Loaded System Directive: org.apache.velocity.runtime.directive.Macro
2019-03-06 15:03:57,049 - Loaded System Directive: org.apache.velocity.runtime.directive.Parse
2019-03-06 15:03:57,052 - Loaded System Directive: org.apache.velocity.runtime.directive.Include
2019-03-06 15:03:57,053 - Loaded System Directive: org.apache.velocity.runtime.directive.Foreach
2019-03-06 15:03:57,090 - Created: 20 parsers.
2019-03-06 15:03:57,100 - Velocimacro : initialization starting.
2019-03-06 15:03:57,100 - Velocimacro : adding VMs from VM library template : VM_global_library.vm
2019-03-06 15:03:57,105 - ResourceManager : unable to find resource 'VM_global_library.vm' in any resource loader.
2019-03-06 15:03:57,105 - Velocimacro : error using  VM library template VM_global_library.vm : org.apache.velocity.exception.ResourceNotFoundException: Unable to find resource 'VM_global_library.vm'
2019-03-06 15:03:57,105 - Velocimacro :  VM library template macro registration complete.
2019-03-06 15:03:57,105 - Velocimacro : allowInline = true : VMs can be defined inline in templates
2019-03-06 15:03:57,105 - Velocimacro : allowInlineToOverride = false : VMs defined inline may NOT replace previous VM definitions
2019-03-06 15:03:57,105 - Velocimacro : allowInlineLocal = false : VMs defined inline will be  global in scope if allowed.
2019-03-06 15:03:57,105 - Velocimacro : messages on  : VM system will output logging messages
2019-03-06 15:03:57,105 - Velocimacro : autoload off  : VM system will not automatically reload global library macros
2019-03-06 15:03:57,105 - Velocimacro : initialization complete.
2019-03-06 15:03:57,105 - Velocity successfully started.
2019-03-06 15:04:29,471 - SimpleLog4JLogSystem initialized using logfile 'velocity.log'
2019-03-06 15:04:29,473 - ************************************************************** 
2019-03-06 15:04:29,473 - Starting Jakarta Velocity v1.4
2019-03-06 15:04:29,473 - RuntimeInstance initializing.
2019-03-06 15:04:29,473 - Default Properties File: org\apache\velocity\runtime\defaults\velocity.properties
2019-03-06 15:04:29,473 - Trying to use logger class org.apache.velocity.runtime.log.SimpleLog4JLogSystem
2019-03-06 15:04:29,473 - Using logger class org.apache.velocity.runtime.log.SimpleLog4JLogSystem
2019-03-06 15:04:29,478 - Default ResourceManager initializing. (class org.apache.velocity.runtime.resource.ResourceManagerImpl)
2019-03-06 15:04:29,482 - Resource Loader Instantiated: org.apache.velocity.runtime.resource.loader.ClasspathResourceLoader
2019-03-06 15:04:29,482 - ClasspathResourceLoader : initialization starting.
2019-03-06 15:04:29,482 - ClasspathResourceLoader : initialization complete.
2019-03-06 15:04:29,484 - ResourceCache : initialized. (class org.apache.velocity.runtime.resource.ResourceCacheImpl)
2019-03-06 15:04:29,485 - Default ResourceManager initialization complete.
2019-03-06 15:04:29,486 - Loaded System Directive: org.apache.velocity.runtime.directive.Literal
2019-03-06 15:04:29,489 - Loaded System Directive: org.apache.velocity.runtime.directive.Macro
2019-03-06 15:04:29,493 - Loaded System Directive: org.apache.velocity.runtime.directive.Parse
2019-03-06 15:04:29,496 - Loaded System Directive: org.apache.velocity.runtime.directive.Include
2019-03-06 15:04:29,498 - Loaded System Directive: org.apache.velocity.runtime.directive.Foreach
2019-03-06 15:04:29,539 - Created: 20 parsers.
2019-03-06 15:04:29,550 - Velocimacro : initialization starting.
2019-03-06 15:04:29,550 - Velocimacro : adding VMs from VM library template : VM_global_library.vm
2019-03-06 15:04:29,555 - ResourceManager : unable to find resource 'VM_global_library.vm' in any resource loader.
2019-03-06 15:04:29,555 - Velocimacro : error using  VM library template VM_global_library.vm : org.apache.velocity.exception.ResourceNotFoundException: Unable to find resource 'VM_global_library.vm'
2019-03-06 15:04:29,555 - Velocimacro :  VM library template macro registration complete.
2019-03-06 15:04:29,555 - Velocimacro : allowInline = true : VMs can be defined inline in templates
2019-03-06 15:04:29,555 - Velocimacro : allowInlineToOverride = false : VMs defined inline may NOT replace previous VM definitions
2019-03-06 15:04:29,555 - Velocimacro : allowInlineLocal = false : VMs defined inline will be  global in scope if allowed.
2019-03-06 15:04:29,555 - Velocimacro : messages on  : VM system will output logging messages
2019-03-06 15:04:29,555 - Velocimacro : autoload off  : VM system will not automatically reload global library macros
2019-03-06 15:04:29,555 - Velocimacro : initialization complete.
2019-03-06 15:04:29,555 - Velocity successfully started.
2019-03-06 15:06:10,984 - SimpleLog4JLogSystem initialized using logfile 'velocity.log'
2019-03-06 15:06:10,984 - ************************************************************** 
2019-03-06 15:06:10,984 - Starting Jakarta Velocity v1.4
2019-03-06 15:06:10,984 - RuntimeInstance initializing.
2019-03-06 15:06:10,984 - Default Properties File: org\apache\velocity\runtime\defaults\velocity.properties
2019-03-06 15:06:10,984 - Trying to use logger class org.apache.velocity.runtime.log.SimpleLog4JLogSystem
2019-03-06 15:06:10,985 - Using logger class org.apache.velocity.runtime.log.SimpleLog4JLogSystem
2019-03-06 15:06:10,989 - Default ResourceManager initializing. (class org.apache.velocity.runtime.resource.ResourceManagerImpl)
2019-03-06 15:06:10,993 - Resource Loader Instantiated: org.apache.velocity.runtime.resource.loader.ClasspathResourceLoader
2019-03-06 15:06:10,993 - ClasspathResourceLoader : initialization starting.
2019-03-06 15:06:10,993 - ClasspathResourceLoader : initialization complete.
2019-03-06 15:06:10,995 - ResourceCache : initialized. (class org.apache.velocity.runtime.resource.ResourceCacheImpl)
2019-03-06 15:06:10,995 - Default ResourceManager initialization complete.
2019-03-06 15:06:10,998 - Loaded System Directive: org.apache.velocity.runtime.directive.Literal
2019-03-06 15:06:11,001 - Loaded System Directive: org.apache.velocity.runtime.directive.Macro
2019-03-06 15:06:11,007 - Loaded System Directive: org.apache.velocity.runtime.directive.Parse
2019-03-06 15:06:11,010 - Loaded System Directive: org.apache.velocity.runtime.directive.Include
2019-03-06 15:06:11,012 - Loaded System Directive: org.apache.velocity.runtime.directive.Foreach
2019-03-06 15:06:11,048 - Created: 20 parsers.
2019-03-06 15:06:11,058 - Velocimacro : initialization starting.
2019-03-06 15:06:11,059 - Velocimacro : adding VMs from VM library template : VM_global_library.vm
2019-03-06 15:06:11,063 - ResourceManager : unable to find resource 'VM_global_library.vm' in any resource loader.
2019-03-06 15:06:11,063 - Velocimacro : error using  VM library template VM_global_library.vm : org.apache.velocity.exception.ResourceNotFoundException: Unable to find resource 'VM_global_library.vm'
2019-03-06 15:06:11,064 - Velocimacro :  VM library template macro registration complete.
2019-03-06 15:06:11,064 - Velocimacro : allowInline = true : VMs can be defined inline in templates
2019-03-06 15:06:11,064 - Velocimacro : allowInlineToOverride = false : VMs defined inline may NOT replace previous VM definitions
2019-03-06 15:06:11,064 - Velocimacro : allowInlineLocal = false : VMs defined inline will be  global in scope if allowed.
2019-03-06 15:06:11,064 - Velocimacro : messages on  : VM system will output logging messages
2019-03-06 15:06:11,064 - Velocimacro : autoload off  : VM system will not automatically reload global library macros
2019-03-06 15:06:11,064 - Velocimacro : initialization complete.
2019-03-06 15:06:11,064 - Velocity successfully started.
2019-03-06 15:06:29,212 - SimpleLog4JLogSystem initialized using logfile 'velocity.log'
2019-03-06 15:06:29,212 - ************************************************************** 
2019-03-06 15:06:29,213 - Starting Jakarta Velocity v1.4
2019-03-06 15:06:29,213 - RuntimeInstance initializing.
2019-03-06 15:06:29,213 - Default Properties File: org\apache\velocity\runtime\defaults\velocity.properties
2019-03-06 15:06:29,213 - Trying to use logger class org.apache.velocity.runtime.log.SimpleLog4JLogSystem
2019-03-06 15:06:29,213 - Using logger class org.apache.velocity.runtime.log.SimpleLog4JLogSystem
2019-03-06 15:06:29,218 - Default ResourceManager initializing. (class org.apache.velocity.runtime.resource.ResourceManagerImpl)
2019-03-06 15:06:29,224 - Resource Loader Instantiated: org.apache.velocity.runtime.resource.loader.ClasspathResourceLoader
2019-03-06 15:06:29,224 - ClasspathResourceLoader : initialization starting.
2019-03-06 15:06:29,224 - ClasspathResourceLoader : initialization complete.
2019-03-06 15:06:29,227 - ResourceCache : initialized. (class org.apache.velocity.runtime.resource.ResourceCacheImpl)
2019-03-06 15:06:29,227 - Default ResourceManager initialization complete.
2019-03-06 15:06:29,230 - Loaded System Directive: org.apache.velocity.runtime.directive.Literal
2019-03-06 15:06:29,234 - Loaded System Directive: org.apache.velocity.runtime.directive.Macro
2019-03-06 15:06:29,238 - Loaded System Directive: org.apache.velocity.runtime.directive.Parse
2019-03-06 15:06:29,242 - Loaded System Directive: org.apache.velocity.runtime.directive.Include
2019-03-06 15:06:29,244 - Loaded System Directive: org.apache.velocity.runtime.directive.Foreach
2019-03-06 15:06:29,289 - Created: 20 parsers.
2019-03-06 15:06:29,301 - Velocimacro : initialization starting.
2019-03-06 15:06:29,302 - Velocimacro : adding VMs from VM library template : VM_global_library.vm
2019-03-06 15:06:29,307 - ResourceManager : unable to find resource 'VM_global_library.vm' in any resource loader.
2019-03-06 15:06:29,308 - Velocimacro : error using  VM library template VM_global_library.vm : org.apache.velocity.exception.ResourceNotFoundException: Unable to find resource 'VM_global_library.vm'
2019-03-06 15:06:29,308 - Velocimacro :  VM library template macro registration complete.
2019-03-06 15:06:29,308 - Velocimacro : allowInline = true : VMs can be defined inline in templates
2019-03-06 15:06:29,308 - Velocimacro : allowInlineToOverride = false : VMs defined inline may NOT replace previous VM definitions
2019-03-06 15:06:29,308 - Velocimacro : allowInlineLocal = false : VMs defined inline will be  global in scope if allowed.
2019-03-06 15:06:29,308 - Velocimacro : messages on  : VM system will output logging messages
2019-03-06 15:06:29,308 - Velocimacro : autoload off  : VM system will not automatically reload global library macros
2019-03-06 15:06:29,308 - Velocimacro : initialization complete.
2019-03-06 15:06:29,308 - Velocity successfully started.
2019-03-06 15:06:47,439 - SimpleLog4JLogSystem initialized using logfile 'velocity.log'
2019-03-06 15:06:47,440 - ************************************************************** 
2019-03-06 15:06:47,440 - Starting Jakarta Velocity v1.4
2019-03-06 15:06:47,440 - RuntimeInstance initializing.
2019-03-06 15:06:47,441 - Default Properties File: org\apache\velocity\runtime\defaults\velocity.properties
2019-03-06 15:06:47,447 - Trying to use logger class org.apache.velocity.runtime.log.SimpleLog4JLogSystem
2019-03-06 15:06:47,448 - Using logger class org.apache.velocity.runtime.log.SimpleLog4JLogSystem
2019-03-06 15:06:47,460 - Default ResourceManager initializing. (class org.apache.velocity.runtime.resource.ResourceManagerImpl)
2019-03-06 15:06:47,467 - Resource Loader Instantiated: org.apache.velocity.runtime.resource.loader.ClasspathResourceLoader
2019-03-06 15:06:47,467 - ClasspathResourceLoader : initialization starting.
2019-03-06 15:06:47,467 - ClasspathResourceLoader : initialization complete.
2019-03-06 15:06:47,470 - ResourceCache : initialized. (class org.apache.velocity.runtime.resource.ResourceCacheImpl)
2019-03-06 15:06:47,471 - Default ResourceManager initialization complete.
2019-03-06 15:06:47,476 - Loaded System Directive: org.apache.velocity.runtime.directive.Literal
2019-03-06 15:06:47,479 - Loaded System Directive: org.apache.velocity.runtime.directive.Macro
2019-03-06 15:06:47,489 - Loaded System Directive: org.apache.velocity.runtime.directive.Parse
2019-03-06 15:06:47,498 - Loaded System Directive: org.apache.velocity.runtime.directive.Include
2019-03-06 15:06:47,505 - Loaded System Directive: org.apache.velocity.runtime.directive.Foreach
2019-03-06 15:06:47,609 - Created: 20 parsers.
2019-03-06 15:06:47,635 - Velocimacro : initialization starting.
2019-03-06 15:06:47,635 - Velocimacro : adding VMs from VM library template : VM_global_library.vm
2019-03-06 15:06:47,646 - ResourceManager : unable to find resource 'VM_global_library.vm' in any resource loader.
2019-03-06 15:06:47,646 - Velocimacro : error using  VM library template VM_global_library.vm : org.apache.velocity.exception.ResourceNotFoundException: Unable to find resource 'VM_global_library.vm'
2019-03-06 15:06:47,646 - Velocimacro :  VM library template macro registration complete.
2019-03-06 15:06:47,646 - Velocimacro : allowInline = true : VMs can be defined inline in templates
2019-03-06 15:06:47,646 - Velocimacro : allowInlineToOverride = false : VMs defined inline may NOT replace previous VM definitions
2019-03-06 15:06:47,646 - Velocimacro : allowInlineLocal = false : VMs defined inline will be  global in scope if allowed.
2019-03-06 15:06:47,646 - Velocimacro : messages on  : VM system will output logging messages
2019-03-06 15:06:47,647 - Velocimacro : autoload off  : VM system will not automatically reload global library macros
2019-03-06 15:06:47,647 - Velocimacro : initialization complete.
2019-03-06 15:06:47,647 - Velocity successfully started.
2019-03-06 15:08:21,997 - SimpleLog4JLogSystem initialized using logfile 'velocity.log'
2019-03-06 15:08:21,998 - ************************************************************** 
2019-03-06 15:08:21,998 - Starting Jakarta Velocity v1.4
2019-03-06 15:08:21,998 - RuntimeInstance initializing.
2019-03-06 15:08:21,998 - Default Properties File: org\apache\velocity\runtime\defaults\velocity.properties
2019-03-06 15:08:21,998 - Trying to use logger class org.apache.velocity.runtime.log.SimpleLog4JLogSystem
2019-03-06 15:08:21,998 - Using logger class org.apache.velocity.runtime.log.SimpleLog4JLogSystem
2019-03-06 15:08:22,010 - Default ResourceManager initializing. (class org.apache.velocity.runtime.resource.ResourceManagerImpl)
2019-03-06 15:08:22,015 - Resource Loader Instantiated: org.apache.velocity.runtime.resource.loader.ClasspathResourceLoader
2019-03-06 15:08:22,016 - ClasspathResourceLoader : initialization starting.
2019-03-06 15:08:22,016 - ClasspathResourceLoader : initialization complete.
2019-03-06 15:08:22,019 - ResourceCache : initialized. (class org.apache.velocity.runtime.resource.ResourceCacheImpl)
2019-03-06 15:08:22,019 - Default ResourceManager initialization complete.
2019-03-06 15:08:22,023 - Loaded System Directive: org.apache.velocity.runtime.directive.Literal
2019-03-06 15:08:22,026 - Loaded System Directive: org.apache.velocity.runtime.directive.Macro
2019-03-06 15:08:22,032 - Loaded System Directive: org.apache.velocity.runtime.directive.Parse
2019-03-06 15:08:22,035 - Loaded System Directive: org.apache.velocity.runtime.directive.Include
2019-03-06 15:08:22,038 - Loaded System Directive: org.apache.velocity.runtime.directive.Foreach
2019-03-06 15:08:22,092 - Created: 20 parsers.
2019-03-06 15:08:22,108 - Velocimacro : initialization starting.
2019-03-06 15:08:22,108 - Velocimacro : adding VMs from VM library template : VM_global_library.vm
2019-03-06 15:08:22,115 - ResourceManager : unable to find resource 'VM_global_library.vm' in any resource loader.
2019-03-06 15:08:22,115 - Velocimacro : error using  VM library template VM_global_library.vm : org.apache.velocity.exception.ResourceNotFoundException: Unable to find resource 'VM_global_library.vm'
2019-03-06 15:08:22,115 - Velocimacro :  VM library template macro registration complete.
2019-03-06 15:08:22,115 - Velocimacro : allowInline = true : VMs can be defined inline in templates
2019-03-06 15:08:22,115 - Velocimacro : allowInlineToOverride = false : VMs defined inline may NOT replace previous VM definitions
2019-03-06 15:08:22,115 - Velocimacro : allowInlineLocal = false : VMs defined inline will be  global in scope if allowed.
2019-03-06 15:08:22,116 - Velocimacro : messages on  : VM system will output logging messages
2019-03-06 15:08:22,116 - Velocimacro : autoload off  : VM system will not automatically reload global library macros
2019-03-06 15:08:22,116 - Velocimacro : initialization complete.
2019-03-06 15:08:22,116 - Velocity successfully started.
2019-03-06 15:10:17,697 - SimpleLog4JLogSystem initialized using logfile 'velocity.log'
2019-03-06 15:10:17,698 - ************************************************************** 
2019-03-06 15:10:17,698 - Starting Jakarta Velocity v1.4
2019-03-06 15:10:17,698 - RuntimeInstance initializing.
2019-03-06 15:10:17,699 - Default Properties File: org\apache\velocity\runtime\defaults\velocity.properties
2019-03-06 15:10:17,699 - Trying to use logger class org.apache.velocity.runtime.log.SimpleLog4JLogSystem
2019-03-06 15:10:17,699 - Using logger class org.apache.velocity.runtime.log.SimpleLog4JLogSystem
2019-03-06 15:10:17,708 - Default ResourceManager initializing. (class org.apache.velocity.runtime.resource.ResourceManagerImpl)
2019-03-06 15:10:17,714 - Resource Loader Instantiated: org.apache.velocity.runtime.resource.loader.ClasspathResourceLoader
2019-03-06 15:10:17,714 - ClasspathResourceLoader : initialization starting.
2019-03-06 15:10:17,714 - ClasspathResourceLoader : initialization complete.
2019-03-06 15:10:17,735 - ResourceCache : initialized. (class org.apache.velocity.runtime.resource.ResourceCacheImpl)
2019-03-06 15:10:17,735 - Default ResourceManager initialization complete.
2019-03-06 15:10:17,751 - Loaded System Directive: org.apache.velocity.runtime.directive.Literal
2019-03-06 15:10:17,756 - Loaded System Directive: org.apache.velocity.runtime.directive.Macro
2019-03-06 15:10:17,762 - Loaded System Directive: org.apache.velocity.runtime.directive.Parse
2019-03-06 15:10:17,766 - Loaded System Directive: org.apache.velocity.runtime.directive.Include
2019-03-06 15:10:17,768 - Loaded System Directive: org.apache.velocity.runtime.directive.Foreach
2019-03-06 15:10:17,858 - Created: 20 parsers.
2019-03-06 15:10:17,879 - Velocimacro : initialization starting.
2019-03-06 15:10:17,879 - Velocimacro : adding VMs from VM library template : VM_global_library.vm
2019-03-06 15:10:17,891 - ResourceManager : unable to find resource 'VM_global_library.vm' in any resource loader.
2019-03-06 15:10:17,891 - Velocimacro : error using  VM library template VM_global_library.vm : org.apache.velocity.exception.ResourceNotFoundException: Unable to find resource 'VM_global_library.vm'
2019-03-06 15:10:17,892 - Velocimacro :  VM library template macro registration complete.
2019-03-06 15:10:17,892 - Velocimacro : allowInline = true : VMs can be defined inline in templates
2019-03-06 15:10:17,892 - Velocimacro : allowInlineToOverride = false : VMs defined inline may NOT replace previous VM definitions
2019-03-06 15:10:17,892 - Velocimacro : allowInlineLocal = false : VMs defined inline will be  global in scope if allowed.
2019-03-06 15:10:17,892 - Velocimacro : messages on  : VM system will output logging messages
2019-03-06 15:10:17,892 - Velocimacro : autoload off  : VM system will not automatically reload global library macros
2019-03-06 15:10:17,893 - Velocimacro : initialization complete.
2019-03-06 15:10:17,893 - Velocity successfully started.
2019-03-06 15:10:33,561 - SimpleLog4JLogSystem initialized using logfile 'velocity.log'
2019-03-06 15:10:33,563 - ************************************************************** 
2019-03-06 15:10:33,563 - Starting Jakarta Velocity v1.4
2019-03-06 15:10:33,563 - RuntimeInstance initializing.
2019-03-06 15:10:33,563 - Default Properties File: org\apache\velocity\runtime\defaults\velocity.properties
2019-03-06 15:10:33,563 - Trying to use logger class org.apache.velocity.runtime.log.SimpleLog4JLogSystem
2019-03-06 15:10:33,563 - Using logger class org.apache.velocity.runtime.log.SimpleLog4JLogSystem
2019-03-06 15:10:33,568 - Default ResourceManager initializing. (class org.apache.velocity.runtime.resource.ResourceManagerImpl)
2019-03-06 15:10:33,573 - Resource Loader Instantiated: org.apache.velocity.runtime.resource.loader.ClasspathResourceLoader
2019-03-06 15:10:33,573 - ClasspathResourceLoader : initialization starting.
2019-03-06 15:10:33,574 - ClasspathResourceLoader : initialization complete.
2019-03-06 15:10:33,576 - ResourceCache : initialized. (class org.apache.velocity.runtime.resource.ResourceCacheImpl)
2019-03-06 15:10:33,577 - Default ResourceManager initialization complete.
2019-03-06 15:10:33,580 - Loaded System Directive: org.apache.velocity.runtime.directive.Literal
2019-03-06 15:10:33,583 - Loaded System Directive: org.apache.velocity.runtime.directive.Macro
2019-03-06 15:10:33,588 - Loaded System Directive: org.apache.velocity.runtime.directive.Parse
2019-03-06 15:10:33,611 - Loaded System Directive: org.apache.velocity.runtime.directive.Include
2019-03-06 15:10:33,613 - Loaded System Directive: org.apache.velocity.runtime.directive.Foreach
2019-03-06 15:10:33,747 - Created: 20 parsers.
2019-03-06 15:10:33,771 - Velocimacro : initialization starting.
2019-03-06 15:10:33,771 - Velocimacro : adding VMs from VM library template : VM_global_library.vm
2019-03-06 15:10:33,781 - ResourceManager : unable to find resource 'VM_global_library.vm' in any resource loader.
2019-03-06 15:10:33,782 - Velocimacro : error using  VM library template VM_global_library.vm : org.apache.velocity.exception.ResourceNotFoundException: Unable to find resource 'VM_global_library.vm'
2019-03-06 15:10:33,782 - Velocimacro :  VM library template macro registration complete.
2019-03-06 15:10:33,783 - Velocimacro : allowInline = true : VMs can be defined inline in templates
2019-03-06 15:10:33,783 - Velocimacro : allowInlineToOverride = false : VMs defined inline may NOT replace previous VM definitions
2019-03-06 15:10:33,783 - Velocimacro : allowInlineLocal = false : VMs defined inline will be  global in scope if allowed.
2019-03-06 15:10:33,783 - Velocimacro : messages on  : VM system will output logging messages
2019-03-06 15:10:33,783 - Velocimacro : autoload off  : VM system will not automatically reload global library macros
2019-03-06 15:10:33,783 - Velocimacro : initialization complete.
2019-03-06 15:10:33,783 - Velocity successfully started.
2019-03-06 15:10:34,540 - SimpleLog4JLogSystem initialized using logfile 'velocity.log'
2019-03-06 15:10:34,540 - ************************************************************** 
2019-03-06 15:10:34,540 - Starting Jakarta Velocity v1.4
2019-03-06 15:10:34,541 - RuntimeInstance initializing.
2019-03-06 15:10:34,541 - Default Properties File: org\apache\velocity\runtime\defaults\velocity.properties
2019-03-06 15:10:34,541 - Trying to use logger class org.apache.velocity.runtime.log.SimpleLog4JLogSystem
2019-03-06 15:10:34,541 - Using logger class org.apache.velocity.runtime.log.SimpleLog4JLogSystem
2019-03-06 15:10:34,547 - Default ResourceManager initializing. (class org.apache.velocity.runtime.resource.ResourceManagerImpl)
2019-03-06 15:10:34,554 - Resource Loader Instantiated: org.apache.velocity.runtime.resource.loader.ClasspathResourceLoader
2019-03-06 15:10:34,554 - ClasspathResourceLoader : initialization starting.
2019-03-06 15:10:34,554 - ClasspathResourceLoader : initialization complete.
2019-03-06 15:10:34,559 - ResourceCache : initialized. (class org.apache.velocity.runtime.resource.ResourceCacheImpl)
2019-03-06 15:10:34,559 - Default ResourceManager initialization complete.
2019-03-06 15:10:34,564 - Loaded System Directive: org.apache.velocity.runtime.directive.Literal
2019-03-06 15:10:34,568 - Loaded System Directive: org.apache.velocity.runtime.directive.Macro
2019-03-06 15:10:34,573 - Loaded System Directive: org.apache.velocity.runtime.directive.Parse
2019-03-06 15:10:34,577 - Loaded System Directive: org.apache.velocity.runtime.directive.Include
2019-03-06 15:10:34,579 - Loaded System Directive: org.apache.velocity.runtime.directive.Foreach
2019-03-06 15:10:34,642 - Created: 20 parsers.
2019-03-06 15:10:34,662 - Velocimacro : initialization starting.
2019-03-06 15:10:34,662 - Velocimacro : adding VMs from VM library template : VM_global_library.vm
2019-03-06 15:10:34,674 - ResourceManager : unable to find resource 'VM_global_library.vm' in any resource loader.
2019-03-06 15:10:34,674 - Velocimacro : error using  VM library template VM_global_library.vm : org.apache.velocity.exception.ResourceNotFoundException: Unable to find resource 'VM_global_library.vm'
2019-03-06 15:10:34,674 - Velocimacro :  VM library template macro registration complete.
2019-03-06 15:10:34,674 - Velocimacro : allowInline = true : VMs can be defined inline in templates
2019-03-06 15:10:34,674 - Velocimacro : allowInlineToOverride = false : VMs defined inline may NOT replace previous VM definitions
2019-03-06 15:10:34,674 - Velocimacro : allowInlineLocal = false : VMs defined inline will be  global in scope if allowed.
2019-03-06 15:10:34,674 - Velocimacro : messages on  : VM system will output logging messages
2019-03-06 15:10:34,674 - Velocimacro : autoload off  : VM system will not automatically reload global library macros
2019-03-06 15:10:34,675 - Velocimacro : initialization complete.
2019-03-06 15:10:34,675 - Velocity successfully started.
2019-03-06 15:10:35,356 - SimpleLog4JLogSystem initialized using logfile 'velocity.log'
2019-03-06 15:10:35,357 - ************************************************************** 
2019-03-06 15:10:35,357 - Starting Jakarta Velocity v1.4
2019-03-06 15:10:35,357 - RuntimeInstance initializing.
2019-03-06 15:10:35,357 - Default Properties File: org\apache\velocity\runtime\defaults\velocity.properties
2019-03-06 15:10:35,357 - Trying to use logger class org.apache.velocity.runtime.log.SimpleLog4JLogSystem
2019-03-06 15:10:35,357 - Using logger class org.apache.velocity.runtime.log.SimpleLog4JLogSystem
2019-03-06 15:10:35,362 - Default ResourceManager initializing. (class org.apache.velocity.runtime.resource.ResourceManagerImpl)
2019-03-06 15:10:35,367 - Resource Loader Instantiated: org.apache.velocity.runtime.resource.loader.ClasspathResourceLoader
2019-03-06 15:10:35,367 - ClasspathResourceLoader : initialization starting.
2019-03-06 15:10:35,367 - ClasspathResourceLoader : initialization complete.
2019-03-06 15:10:35,370 - ResourceCache : initialized. (class org.apache.velocity.runtime.resource.ResourceCacheImpl)
2019-03-06 15:10:35,370 - Default ResourceManager initialization complete.
2019-03-06 15:10:35,374 - Loaded System Directive: org.apache.velocity.runtime.directive.Literal
2019-03-06 15:10:35,377 - Loaded System Directive: org.apache.velocity.runtime.directive.Macro
2019-03-06 15:10:35,381 - Loaded System Directive: org.apache.velocity.runtime.directive.Parse
2019-03-06 15:10:35,385 - Loaded System Directive: org.apache.velocity.runtime.directive.Include
2019-03-06 15:10:35,387 - Loaded System Directive: org.apache.velocity.runtime.directive.Foreach
2019-03-06 15:10:35,454 - Created: 20 parsers.
2019-03-06 15:10:35,484 - Velocimacro : initialization starting.
2019-03-06 15:10:35,484 - Velocimacro : adding VMs from VM library template : VM_global_library.vm
2019-03-06 15:10:35,494 - ResourceManager : unable to find resource 'VM_global_library.vm' in any resource loader.
2019-03-06 15:10:35,495 - Velocimacro : error using  VM library template VM_global_library.vm : org.apache.velocity.exception.ResourceNotFoundException: Unable to find resource 'VM_global_library.vm'
2019-03-06 15:10:35,495 - Velocimacro :  VM library template macro registration complete.
2019-03-06 15:10:35,495 - Velocimacro : allowInline = true : VMs can be defined inline in templates
2019-03-06 15:10:35,495 - Velocimacro : allowInlineToOverride = false : VMs defined inline may NOT replace previous VM definitions
2019-03-06 15:10:35,495 - Velocimacro : allowInlineLocal = false : VMs defined inline will be  global in scope if allowed.
2019-03-06 15:10:35,495 - Velocimacro : messages on  : VM system will output logging messages
2019-03-06 15:10:35,495 - Velocimacro : autoload off  : VM system will not automatically reload global library macros
2019-03-06 15:10:35,495 - Velocimacro : initialization complete.
2019-03-06 15:10:35,495 - Velocity successfully started.
2019-03-06 15:13:17,650 - SimpleLog4JLogSystem initialized using logfile 'velocity.log'
2019-03-06 15:13:17,651 - ************************************************************** 
2019-03-06 15:13:17,651 - Starting Jakarta Velocity v1.4
2019-03-06 15:13:17,651 - RuntimeInstance initializing.
2019-03-06 15:13:17,651 - Default Properties File: org\apache\velocity\runtime\defaults\velocity.properties
2019-03-06 15:13:17,651 - Trying to use logger class org.apache.velocity.runtime.log.SimpleLog4JLogSystem
2019-03-06 15:13:17,651 - Using logger class org.apache.velocity.runtime.log.SimpleLog4JLogSystem
2019-03-06 15:13:17,657 - Default ResourceManager initializing. (class org.apache.velocity.runtime.resource.ResourceManagerImpl)
2019-03-06 15:13:17,662 - Resource Loader Instantiated: org.apache.velocity.runtime.resource.loader.ClasspathResourceLoader
2019-03-06 15:13:17,662 - ClasspathResourceLoader : initialization starting.
2019-03-06 15:13:17,662 - ClasspathResourceLoader : initialization complete.
2019-03-06 15:13:17,664 - ResourceCache : initialized. (class org.apache.velocity.runtime.resource.ResourceCacheImpl)
2019-03-06 15:13:17,665 - Default ResourceManager initialization complete.
2019-03-06 15:13:17,668 - Loaded System Directive: org.apache.velocity.runtime.directive.Literal
2019-03-06 15:13:17,671 - Loaded System Directive: org.apache.velocity.runtime.directive.Macro
2019-03-06 15:13:17,677 - Loaded System Directive: org.apache.velocity.runtime.directive.Parse
2019-03-06 15:13:17,680 - Loaded System Directive: org.apache.velocity.runtime.directive.Include
2019-03-06 15:13:17,682 - Loaded System Directive: org.apache.velocity.runtime.directive.Foreach
2019-03-06 15:13:17,730 - Created: 20 parsers.
2019-03-06 15:13:17,742 - Velocimacro : initialization starting.
2019-03-06 15:13:17,742 - Velocimacro : adding VMs from VM library template : VM_global_library.vm
2019-03-06 15:13:17,748 - ResourceManager : unable to find resource 'VM_global_library.vm' in any resource loader.
2019-03-06 15:13:17,748 - Velocimacro : error using  VM library template VM_global_library.vm : org.apache.velocity.exception.ResourceNotFoundException: Unable to find resource 'VM_global_library.vm'
2019-03-06 15:13:17,748 - Velocimacro :  VM library template macro registration complete.
2019-03-06 15:13:17,748 - Velocimacro : allowInline = true : VMs can be defined inline in templates
2019-03-06 15:13:17,749 - Velocimacro : allowInlineToOverride = false : VMs defined inline may NOT replace previous VM definitions
2019-03-06 15:13:17,749 - Velocimacro : allowInlineLocal = false : VMs defined inline will be  global in scope if allowed.
2019-03-06 15:13:17,749 - Velocimacro : messages on  : VM system will output logging messages
2019-03-06 15:13:17,749 - Velocimacro : autoload off  : VM system will not automatically reload global library macros
2019-03-06 15:13:17,749 - Velocimacro : initialization complete.
2019-03-06 15:13:17,749 - Velocity successfully started.
2019-03-06 15:16:26,029 - SimpleLog4JLogSystem initialized using logfile 'velocity.log'
2019-03-06 15:16:26,030 - ************************************************************** 
2019-03-06 15:16:26,030 - Starting Jakarta Velocity v1.4
2019-03-06 15:16:26,030 - RuntimeInstance initializing.
2019-03-06 15:16:26,030 - Default Properties File: org\apache\velocity\runtime\defaults\velocity.properties
2019-03-06 15:16:26,030 - Trying to use logger class org.apache.velocity.runtime.log.SimpleLog4JLogSystem
2019-03-06 15:16:26,030 - Using logger class org.apache.velocity.runtime.log.SimpleLog4JLogSystem
2019-03-06 15:16:26,034 - Default ResourceManager initializing. (class org.apache.velocity.runtime.resource.ResourceManagerImpl)
2019-03-06 15:16:26,038 - Resource Loader Instantiated: org.apache.velocity.runtime.resource.loader.ClasspathResourceLoader
2019-03-06 15:16:26,039 - ClasspathResourceLoader : initialization starting.
2019-03-06 15:16:26,039 - ClasspathResourceLoader : initialization complete.
2019-03-06 15:16:26,041 - ResourceCache : initialized. (class org.apache.velocity.runtime.resource.ResourceCacheImpl)
2019-03-06 15:16:26,041 - Default ResourceManager initialization complete.
2019-03-06 15:16:26,044 - Loaded System Directive: org.apache.velocity.runtime.directive.Literal
2019-03-06 15:16:26,047 - Loaded System Directive: org.apache.velocity.runtime.directive.Macro
2019-03-06 15:16:26,051 - Loaded System Directive: org.apache.velocity.runtime.directive.Parse
2019-03-06 15:16:26,054 - Loaded System Directive: org.apache.velocity.runtime.directive.Include
2019-03-06 15:16:26,055 - Loaded System Directive: org.apache.velocity.runtime.directive.Foreach
2019-03-06 15:16:26,095 - Created: 20 parsers.
2019-03-06 15:16:26,107 - Velocimacro : initialization starting.
2019-03-06 15:16:26,107 - Velocimacro : adding VMs from VM library template : VM_global_library.vm
2019-03-06 15:16:26,112 - ResourceManager : unable to find resource 'VM_global_library.vm' in any resource loader.
2019-03-06 15:16:26,112 - Velocimacro : error using  VM library template VM_global_library.vm : org.apache.velocity.exception.ResourceNotFoundException: Unable to find resource 'VM_global_library.vm'
2019-03-06 15:16:26,112 - Velocimacro :  VM library template macro registration complete.
2019-03-06 15:16:26,112 - Velocimacro : allowInline = true : VMs can be defined inline in templates
2019-03-06 15:16:26,112 - Velocimacro : allowInlineToOverride = false : VMs defined inline may NOT replace previous VM definitions
2019-03-06 15:16:26,112 - Velocimacro : allowInlineLocal = false : VMs defined inline will be  global in scope if allowed.
2019-03-06 15:16:26,112 - Velocimacro : messages on  : VM system will output logging messages
2019-03-06 15:16:26,112 - Velocimacro : autoload off  : VM system will not automatically reload global library macros
2019-03-06 15:16:26,113 - Velocimacro : initialization complete.
2019-03-06 15:16:26,113 - Velocity successfully started.
2019-03-06 15:18:08,360 - SimpleLog4JLogSystem initialized using logfile 'velocity.log'
2019-03-06 15:18:08,361 - ************************************************************** 
2019-03-06 15:18:08,361 - Starting Jakarta Velocity v1.4
2019-03-06 15:18:08,361 - RuntimeInstance initializing.
2019-03-06 15:18:08,361 - Default Properties File: org\apache\velocity\runtime\defaults\velocity.properties
2019-03-06 15:18:08,361 - Trying to use logger class org.apache.velocity.runtime.log.SimpleLog4JLogSystem
2019-03-06 15:18:08,361 - Using logger class org.apache.velocity.runtime.log.SimpleLog4JLogSystem
2019-03-06 15:18:08,365 - Default ResourceManager initializing. (class org.apache.velocity.runtime.resource.ResourceManagerImpl)
2019-03-06 15:18:08,369 - Resource Loader Instantiated: org.apache.velocity.runtime.resource.loader.ClasspathResourceLoader
2019-03-06 15:18:08,369 - ClasspathResourceLoader : initialization starting.
2019-03-06 15:18:08,369 - ClasspathResourceLoader : initialization complete.
2019-03-06 15:18:08,372 - ResourceCache : initialized. (class org.apache.velocity.runtime.resource.ResourceCacheImpl)
2019-03-06 15:18:08,372 - Default ResourceManager initialization complete.
2019-03-06 15:18:08,375 - Loaded System Directive: org.apache.velocity.runtime.directive.Literal
2019-03-06 15:18:08,378 - Loaded System Directive: org.apache.velocity.runtime.directive.Macro
2019-03-06 15:18:08,382 - Loaded System Directive: org.apache.velocity.runtime.directive.Parse
2019-03-06 15:18:08,385 - Loaded System Directive: org.apache.velocity.runtime.directive.Include
2019-03-06 15:18:08,387 - Loaded System Directive: org.apache.velocity.runtime.directive.Foreach
2019-03-06 15:18:08,426 - Created: 20 parsers.
2019-03-06 15:18:08,437 - Velocimacro : initialization starting.
2019-03-06 15:18:08,438 - Velocimacro : adding VMs from VM library template : VM_global_library.vm
2019-03-06 15:18:08,442 - ResourceManager : unable to find resource 'VM_global_library.vm' in any resource loader.
2019-03-06 15:18:08,443 - Velocimacro : error using  VM library template VM_global_library.vm : org.apache.velocity.exception.ResourceNotFoundException: Unable to find resource 'VM_global_library.vm'
2019-03-06 15:18:08,443 - Velocimacro :  VM library template macro registration complete.
2019-03-06 15:18:08,443 - Velocimacro : allowInline = true : VMs can be defined inline in templates
2019-03-06 15:18:08,443 - Velocimacro : allowInlineToOverride = false : VMs defined inline may NOT replace previous VM definitions
2019-03-06 15:18:08,443 - Velocimacro : allowInlineLocal = false : VMs defined inline will be  global in scope if allowed.
2019-03-06 15:18:08,443 - Velocimacro : messages on  : VM system will output logging messages
2019-03-06 15:18:08,443 - Velocimacro : autoload off  : VM system will not automatically reload global library macros
2019-03-06 15:18:08,443 - Velocimacro : initialization complete.
2019-03-06 15:18:08,443 - Velocity successfully started.
2019-03-06 15:20:39,598 - SimpleLog4JLogSystem initialized using logfile 'velocity.log'
2019-03-06 15:20:39,599 - ************************************************************** 
2019-03-06 15:20:39,599 - Starting Jakarta Velocity v1.4
2019-03-06 15:20:39,599 - RuntimeInstance initializing.
2019-03-06 15:20:39,599 - Default Properties File: org\apache\velocity\runtime\defaults\velocity.properties
2019-03-06 15:20:39,600 - Trying to use logger class org.apache.velocity.runtime.log.SimpleLog4JLogSystem
2019-03-06 15:20:39,600 - Using logger class org.apache.velocity.runtime.log.SimpleLog4JLogSystem
2019-03-06 15:20:39,606 - Default ResourceManager initializing. (class org.apache.velocity.runtime.resource.ResourceManagerImpl)
2019-03-06 15:20:39,611 - Resource Loader Instantiated: org.apache.velocity.runtime.resource.loader.ClasspathResourceLoader
2019-03-06 15:20:39,611 - ClasspathResourceLoader : initialization starting.
2019-03-06 15:20:39,611 - ClasspathResourceLoader : initialization complete.
2019-03-06 15:20:39,614 - ResourceCache : initialized. (class org.apache.velocity.runtime.resource.ResourceCacheImpl)
2019-03-06 15:20:39,614 - Default ResourceManager initialization complete.
2019-03-06 15:20:39,617 - Loaded System Directive: org.apache.velocity.runtime.directive.Literal
2019-03-06 15:20:39,620 - Loaded System Directive: org.apache.velocity.runtime.directive.Macro
2019-03-06 15:20:39,626 - Loaded System Directive: org.apache.velocity.runtime.directive.Parse
2019-03-06 15:20:39,629 - Loaded System Directive: org.apache.velocity.runtime.directive.Include
2019-03-06 15:20:39,631 - Loaded System Directive: org.apache.velocity.runtime.directive.Foreach
2019-03-06 15:20:39,678 - Created: 20 parsers.
2019-03-06 15:20:39,691 - Velocimacro : initialization starting.
2019-03-06 15:20:39,691 - Velocimacro : adding VMs from VM library template : VM_global_library.vm
2019-03-06 15:20:39,697 - ResourceManager : unable to find resource 'VM_global_library.vm' in any resource loader.
2019-03-06 15:20:39,697 - Velocimacro : error using  VM library template VM_global_library.vm : org.apache.velocity.exception.ResourceNotFoundException: Unable to find resource 'VM_global_library.vm'
2019-03-06 15:20:39,697 - Velocimacro :  VM library template macro registration complete.
2019-03-06 15:20:39,697 - Velocimacro : allowInline = true : VMs can be defined inline in templates
2019-03-06 15:20:39,697 - Velocimacro : allowInlineToOverride = false : VMs defined inline may NOT replace previous VM definitions
2019-03-06 15:20:39,697 - Velocimacro : allowInlineLocal = false : VMs defined inline will be  global in scope if allowed.
2019-03-06 15:20:39,697 - Velocimacro : messages on  : VM system will output logging messages
2019-03-06 15:20:39,697 - Velocimacro : autoload off  : VM system will not automatically reload global library macros
2019-03-06 15:20:39,697 - Velocimacro : initialization complete.
2019-03-06 15:20:39,698 - Velocity successfully started.
2019-03-06 15:22:35,765 - SimpleLog4JLogSystem initialized using logfile 'velocity.log'
2019-03-06 15:22:35,766 - ************************************************************** 
2019-03-06 15:22:35,766 - Starting Jakarta Velocity v1.4
2019-03-06 15:22:35,766 - RuntimeInstance initializing.
2019-03-06 15:22:35,766 - Default Properties File: org\apache\velocity\runtime\defaults\velocity.properties
2019-03-06 15:22:35,766 - Trying to use logger class org.apache.velocity.runtime.log.SimpleLog4JLogSystem
2019-03-06 15:22:35,766 - Using logger class org.apache.velocity.runtime.log.SimpleLog4JLogSystem
2019-03-06 15:22:35,771 - Default ResourceManager initializing. (class org.apache.velocity.runtime.resource.ResourceManagerImpl)
2019-03-06 15:22:35,775 - Resource Loader Instantiated: org.apache.velocity.runtime.resource.loader.ClasspathResourceLoader
2019-03-06 15:22:35,775 - ClasspathResourceLoader : initialization starting.
2019-03-06 15:22:35,775 - ClasspathResourceLoader : initialization complete.
2019-03-06 15:22:35,778 - ResourceCache : initialized. (class org.apache.velocity.runtime.resource.ResourceCacheImpl)
2019-03-06 15:22:35,778 - Default ResourceManager initialization complete.
2019-03-06 15:22:35,781 - Loaded System Directive: org.apache.velocity.runtime.directive.Literal
2019-03-06 15:22:35,784 - Loaded System Directive: org.apache.velocity.runtime.directive.Macro
2019-03-06 15:22:35,787 - Loaded System Directive: org.apache.velocity.runtime.directive.Parse
2019-03-06 15:22:35,790 - Loaded System Directive: org.apache.velocity.runtime.directive.Include
2019-03-06 15:22:35,792 - Loaded System Directive: org.apache.velocity.runtime.directive.Foreach
2019-03-06 15:22:35,832 - Created: 20 parsers.
2019-03-06 15:22:35,844 - Velocimacro : initialization starting.
2019-03-06 15:22:35,844 - Velocimacro : adding VMs from VM library template : VM_global_library.vm
2019-03-06 15:22:35,849 - ResourceManager : unable to find resource 'VM_global_library.vm' in any resource loader.
2019-03-06 15:22:35,849 - Velocimacro : error using  VM library template VM_global_library.vm : org.apache.velocity.exception.ResourceNotFoundException: Unable to find resource 'VM_global_library.vm'
2019-03-06 15:22:35,849 - Velocimacro :  VM library template macro registration complete.
2019-03-06 15:22:35,849 - Velocimacro : allowInline = true : VMs can be defined inline in templates
2019-03-06 15:22:35,849 - Velocimacro : allowInlineToOverride = false : VMs defined inline may NOT replace previous VM definitions
2019-03-06 15:22:35,849 - Velocimacro : allowInlineLocal = false : VMs defined inline will be  global in scope if allowed.
2019-03-06 15:22:35,849 - Velocimacro : messages on  : VM system will output logging messages
2019-03-06 15:22:35,849 - Velocimacro : autoload off  : VM system will not automatically reload global library macros
2019-03-06 15:22:35,850 - Velocimacro : initialization complete.
2019-03-06 15:22:35,850 - Velocity successfully started.
2019-03-06 15:24:50,967 - SimpleLog4JLogSystem initialized using logfile 'velocity.log'
2019-03-06 15:24:50,968 - ************************************************************** 
2019-03-06 15:24:50,968 - Starting Jakarta Velocity v1.4
2019-03-06 15:24:50,968 - RuntimeInstance initializing.
2019-03-06 15:24:50,968 - Default Properties File: org\apache\velocity\runtime\defaults\velocity.properties
2019-03-06 15:24:50,968 - Trying to use logger class org.apache.velocity.runtime.log.SimpleLog4JLogSystem
2019-03-06 15:24:50,968 - Using logger class org.apache.velocity.runtime.log.SimpleLog4JLogSystem
2019-03-06 15:24:50,973 - Default ResourceManager initializing. (class org.apache.velocity.runtime.resource.ResourceManagerImpl)
2019-03-06 15:24:50,977 - Resource Loader Instantiated: org.apache.velocity.runtime.resource.loader.ClasspathResourceLoader
2019-03-06 15:24:50,977 - ClasspathResourceLoader : initialization starting.
2019-03-06 15:24:50,978 - ClasspathResourceLoader : initialization complete.
2019-03-06 15:24:50,980 - ResourceCache : initialized. (class org.apache.velocity.runtime.resource.ResourceCacheImpl)
2019-03-06 15:24:50,980 - Default ResourceManager initialization complete.
2019-03-06 15:24:50,983 - Loaded System Directive: org.apache.velocity.runtime.directive.Literal
2019-03-06 15:24:50,986 - Loaded System Directive: org.apache.velocity.runtime.directive.Macro
2019-03-06 15:24:50,989 - Loaded System Directive: org.apache.velocity.runtime.directive.Parse
2019-03-06 15:24:50,992 - Loaded System Directive: org.apache.velocity.runtime.directive.Include
2019-03-06 15:24:50,994 - Loaded System Directive: org.apache.velocity.runtime.directive.Foreach
2019-03-06 15:24:51,031 - Created: 20 parsers.
2019-03-06 15:24:51,042 - Velocimacro : initialization starting.
2019-03-06 15:24:51,042 - Velocimacro : adding VMs from VM library template : VM_global_library.vm
2019-03-06 15:24:51,046 - ResourceManager : unable to find resource 'VM_global_library.vm' in any resource loader.
2019-03-06 15:24:51,046 - Velocimacro : error using  VM library template VM_global_library.vm : org.apache.velocity.exception.ResourceNotFoundException: Unable to find resource 'VM_global_library.vm'
2019-03-06 15:24:51,046 - Velocimacro :  VM library template macro registration complete.
2019-03-06 15:24:51,047 - Velocimacro : allowInline = true : VMs can be defined inline in templates
2019-03-06 15:24:51,047 - Velocimacro : allowInlineToOverride = false : VMs defined inline may NOT replace previous VM definitions
2019-03-06 15:24:51,047 - Velocimacro : allowInlineLocal = false : VMs defined inline will be  global in scope if allowed.
2019-03-06 15:24:51,047 - Velocimacro : messages on  : VM system will output logging messages
2019-03-06 15:24:51,047 - Velocimacro : autoload off  : VM system will not automatically reload global library macros
2019-03-06 15:24:51,047 - Velocimacro : initialization complete.
2019-03-06 15:24:51,047 - Velocity successfully started.
2019-03-06 15:25:06,880 - SimpleLog4JLogSystem initialized using logfile 'velocity.log'
2019-03-06 15:25:06,881 - ************************************************************** 
2019-03-06 15:25:06,881 - Starting Jakarta Velocity v1.4
2019-03-06 15:25:06,881 - RuntimeInstance initializing.
2019-03-06 15:25:06,881 - Default Properties File: org\apache\velocity\runtime\defaults\velocity.properties
2019-03-06 15:25:06,881 - Trying to use logger class org.apache.velocity.runtime.log.SimpleLog4JLogSystem
2019-03-06 15:25:06,881 - Using logger class org.apache.velocity.runtime.log.SimpleLog4JLogSystem
2019-03-06 15:25:06,887 - Default ResourceManager initializing. (class org.apache.velocity.runtime.resource.ResourceManagerImpl)
2019-03-06 15:25:06,892 - Resource Loader Instantiated: org.apache.velocity.runtime.resource.loader.ClasspathResourceLoader
2019-03-06 15:25:06,892 - ClasspathResourceLoader : initialization starting.
2019-03-06 15:25:06,892 - ClasspathResourceLoader : initialization complete.
2019-03-06 15:25:06,895 - ResourceCache : initialized. (class org.apache.velocity.runtime.resource.ResourceCacheImpl)
2019-03-06 15:25:06,895 - Default ResourceManager initialization complete.
2019-03-06 15:25:06,898 - Loaded System Directive: org.apache.velocity.runtime.directive.Literal
2019-03-06 15:25:06,901 - Loaded System Directive: org.apache.velocity.runtime.directive.Macro
2019-03-06 15:25:06,905 - Loaded System Directive: org.apache.velocity.runtime.directive.Parse
2019-03-06 15:25:06,909 - Loaded System Directive: org.apache.velocity.runtime.directive.Include
2019-03-06 15:25:06,912 - Loaded System Directive: org.apache.velocity.runtime.directive.Foreach
2019-03-06 15:25:06,962 - Created: 20 parsers.
2019-03-06 15:25:06,975 - Velocimacro : initialization starting.
2019-03-06 15:25:06,975 - Velocimacro : adding VMs from VM library template : VM_global_library.vm
2019-03-06 15:25:06,981 - ResourceManager : unable to find resource 'VM_global_library.vm' in any resource loader.
2019-03-06 15:25:06,981 - Velocimacro : error using  VM library template VM_global_library.vm : org.apache.velocity.exception.ResourceNotFoundException: Unable to find resource 'VM_global_library.vm'
2019-03-06 15:25:06,981 - Velocimacro :  VM library template macro registration complete.
2019-03-06 15:25:06,981 - Velocimacro : allowInline = true : VMs can be defined inline in templates
2019-03-06 15:25:06,981 - Velocimacro : allowInlineToOverride = false : VMs defined inline may NOT replace previous VM definitions
2019-03-06 15:25:06,981 - Velocimacro : allowInlineLocal = false : VMs defined inline will be  global in scope if allowed.
2019-03-06 15:25:06,981 - Velocimacro : messages on  : VM system will output logging messages
2019-03-06 15:25:06,981 - Velocimacro : autoload off  : VM system will not automatically reload global library macros
2019-03-06 15:25:06,981 - Velocimacro : initialization complete.
2019-03-06 15:25:06,981 - Velocity successfully started.
